Telephony/TelephonyDemo/app/build/outputs/logs/manifest-merger-debug-report.txt
-- Merging decision tree log ---
manifest
ADDED from src\main\AndroidManifest.xml:2:1-30:12
	package
		ADDED from src\main\AndroidManifest.xml:3:2-37
		INJECTED from src\main\AndroidManifest.xml
		INJECTED from src\main\AndroidManifest.xml
	android:versionName
		ADDED from src\main\AndroidManifest.xml:4:2-27
		INJECTED from src\main\AndroidManifest.xml
		INJECTED from src\main\AndroidManifest.xml
	android:versionCode
		ADDED from src\main\AndroidManifest.xml:3:38-61
		INJECTED from src\main\AndroidManifest.xml
		INJECTED from src\main\AndroidManifest.xml
	xmlns:android
		ADDED from src\main\AndroidManifest.xml:2:11-69
uses-sdk
ADDED from src\main\AndroidManifest.xml:5:2-40
	android:targetSdkVersion
		INJECTED from src\main\AndroidManifest.xml
		INJECTED from src\main\AndroidManifest.xml
	android:minSdkVersion
		ADDED from src\main\AndroidManifest.xml:5:12-37
		INJECTED from src\main\AndroidManifest.xml
		INJECTED from src\main\AndroidManifest.xml
uses-permission#android.permission.SEND_SMS
ADDED from src\main\AndroidManifest.xml:7:2-63
	android:name
		ADDED from src\main\AndroidManifest.xml:7:19-61
uses-permission#android.permission.RECEIVE_SMS
ADDED from src\main\AndroidManifest.xml:8:2-66
	android:name
		ADDED from src\main\AndroidManifest.xml:8:19-64
application
ADDED from src\main\AndroidManifest.xml:9:5-29:16
	android:label
		ADDED from src\main\AndroidManifest.xml:9:48-80
	android:icon
		ADDED from src\main\AndroidManifest.xml:9:18-47
activity#com.androidbook.telephony.TelephonyDemo
ADDED from src\main\AndroidManifest.xml:10:3-15:14
	android:label
		ADDED from src\main\AndroidManifest.xml:10:43-75
	android:name
		ADDED from src\main\AndroidManifest.xml:10:13-42
intent-filter#android.intent.action.MAIN+android.intent.category.LAUNCHER
ADDED from src\main\AndroidManifest.xml:11:4-14:20
action#android.intent.action.MAIN
ADDED from src\main\AndroidManifest.xml:12:5-57
	android:name
		ADDED from src\main\AndroidManifest.xml:12:13-54
category#android.intent.category.LAUNCHER
ADDED from src\main\AndroidManifest.xml:13:5-65
	android:name
		ADDED from src\main\AndroidManifest.xml:13:15-62
receiver#com.androidbook.telephony.MySMSMonitor
ADDED from src\main\AndroidManifest.xml:16:3-20:14
	android:name
		ADDED from src\main\AndroidManifest.xml:16:13-40
intent-filter#android.provider.Telephony.SMS_RECEIVED
ADDED from src\main\AndroidManifest.xml:17:4-19:20
action#android.provider.Telephony.SMS_RECEIVED
ADDED from src\main\AndroidManifest.xml:18:5-70
	android:name
		ADDED from src\main\AndroidManifest.xml:18:13-67
receiver#com.androidbook.telephony.MyBReceiver
ADDED from src\main\AndroidManifest.xml:21:3-28:14
	android:name
		ADDED from src\main\AndroidManifest.xml:21:13-39
intent-filter#com.androidbook.telephony.SMS_SENT_ACTION
ADDED from src\main\AndroidManifest.xml:22:4-24:20
action#com.androidbook.telephony.SMS_SENT_ACTION
ADDED from src\main\AndroidManifest.xml:23:5-72
	android:name
		ADDED from src\main\AndroidManifest.xml:23:13-69
intent-filter#com.androidbook.telephony.SMS_DELIVERED_ACTION
ADDED from src\main\AndroidManifest.xml:25:4-27:20
action#com.androidbook.telephony.SMS_DELIVERED_ACTION
ADDED from src\main\AndroidManifest.xml:26:5-77
	android:name
		ADDED from src\main\AndroidManifest.xml:26:13-74